2017-06-05 09:50:10 [ INFO] com.iflytek.msp.cpdb.lfasr.worker.UploadWorker.upload(UploadWorker.java:88) - prepare ok
2017-06-05 09:50:10 [ INFO] com.iflytek.msp.cpdb.lfasr.worker.UploadWorker.upload(UploadWorker.java:92) - get task_id:c9d93babcede4c8ca8e729a01668404e
2017-06-05 09:50:10 [ INFO] com.iflytek.msp.cpdb.lfasr.worker.UploadWorker.metaPersistency(UploadWorker.java:138) - write meta info success, store file:E:\20170511 Voice Samples\resources\/c9d93babcede4c8ca8e729a01668404e.dat
2017-06-05 09:50:29 [ INFO] com.iflytek.msp.cpdb.lfasr.worker.UploadThread.run(UploadThread.java:43) - upload file send success, file:E:\20170511 Voice Samples\resources\ceshi.wav, task_id:c9d93babcede4c8ca8e729a01668404e
2017-06-05 09:50:30 [ INFO] com.iflytek.msp.cpdb.lfasr.event.EventHandler$ProcessorThread.run(EventHandler.java:131) - task_id:c9d93babcede4c8ca8e729a01668404e send meger success, 
2017-06-05 14:50:06 [ INFO] com.iflytek.msp.cpdb.lfasr.worker.UploadWorker.upload(UploadWorker.java:88) - prepare ok
2017-06-05 14:50:06 [ INFO] com.iflytek.msp.cpdb.lfasr.worker.UploadWorker.upload(UploadWorker.java:92) - get task_id:7f68a882e0de461ea97fc2e3e864313c
2017-06-05 14:50:06 [ INFO] com.iflytek.msp.cpdb.lfasr.worker.UploadWorker.metaPersistency(UploadWorker.java:138) - write meta info success, store file:E:\/7f68a882e0de461ea97fc2e3e864313c.dat
2017-06-05 14:50:09 [ INFO] com.iflytek.msp.cpdb.lfasr.worker.UploadThread.run(UploadThread.java:43) - upload file send success, file:E:\20170511 Voice Samples\resources\ceshi.wav, task_id:7f68a882e0de461ea97fc2e3e864313c
2017-06-05 14:50:10 [ INFO] com.iflytek.msp.cpdb.lfasr.event.EventHandler$ProcessorThread.run(EventHandler.java:131) - task_id:7f68a882e0de461ea97fc2e3e864313c send meger success, 
2017-06-14 15:45:37 [ INFO] com.iflytek.msp.cpdb.lfasr.worker.UploadWorker.upload(UploadWorker.java:91) - prepare ok
2017-06-14 15:45:37 [ INFO] com.iflytek.msp.cpdb.lfasr.worker.UploadWorker.upload(UploadWorker.java:95) - get task_id:49c4fdd5b727472d9aca68b90f38926d
2017-06-14 15:45:37 [ INFO] com.iflytek.msp.cpdb.lfasr.worker.UploadWorker.metaPersistency(UploadWorker.java:141) - write meta info success, store file:E:\/49c4fdd5b727472d9aca68b90f38926d.dat
2017-06-14 15:45:40 [ INFO] com.iflytek.msp.cpdb.lfasr.worker.UploadThread.run(UploadThread.java:43) - upload file send success, file:E:\20170511 Voice Samples\resources\ceshi.wav, task_id:49c4fdd5b727472d9aca68b90f38926d
2017-06-14 15:45:41 [ INFO] com.iflytek.msp.cpdb.lfasr.event.EventHandler$ProcessorThread.run(EventHandler.java:131) - task_id:49c4fdd5b727472d9aca68b90f38926d send meger success, 
2017-06-14 15:49:06 [ INFO] com.iflytek.msp.cpdb.lfasr.worker.UploadWorker.upload(UploadWorker.java:91) - prepare ok
2017-06-14 15:49:06 [ INFO] com.iflytek.msp.cpdb.lfasr.worker.UploadWorker.upload(UploadWorker.java:95) - get task_id:96f1f886a86e4403add7006d2113f6e1
2017-06-14 15:49:06 [ INFO] com.iflytek.msp.cpdb.lfasr.worker.UploadWorker.metaPersistency(UploadWorker.java:141) - write meta info success, store file:E:\/96f1f886a86e4403add7006d2113f6e1.dat
2017-06-14 15:49:10 [ INFO] com.iflytek.msp.cpdb.lfasr.worker.UploadThread.run(UploadThread.java:43) - upload file send success, file:E:\20170511 Voice Samples\resources\ceshi.wav, task_id:96f1f886a86e4403add7006d2113f6e1
2017-06-14 15:49:11 [ INFO] com.iflytek.msp.cpdb.lfasr.event.EventHandler$ProcessorThread.run(EventHandler.java:131) - task_id:96f1f886a86e4403add7006d2113f6e1 send meger success, 
2017-06-14 15:49:34 [ INFO] com.iflytek.msp.cpdb.lfasr.worker.UploadWorker.upload(UploadWorker.java:91) - prepare ok
2017-06-14 15:49:34 [ INFO] com.iflytek.msp.cpdb.lfasr.worker.UploadWorker.upload(UploadWorker.java:95) - get task_id:1e36df6f542649359ca0db21c65f3c93
2017-06-14 15:49:34 [ INFO] com.iflytek.msp.cpdb.lfasr.worker.UploadWorker.metaPersistency(UploadWorker.java:141) - write meta info success, store file:E:\/1e36df6f542649359ca0db21c65f3c93.dat
2017-06-14 15:49:37 [ INFO] com.iflytek.msp.cpdb.lfasr.worker.UploadThread.run(UploadThread.java:43) - upload file send success, file:E:\20170511 Voice Samples\resources\ceshi.wav, task_id:1e36df6f542649359ca0db21c65f3c93
2017-06-14 15:49:38 [ INFO] com.iflytek.msp.cpdb.lfasr.event.EventHandler$ProcessorThread.run(EventHandler.java:131) - task_id:1e36df6f542649359ca0db21c65f3c93 send meger success, 
2017-06-14 15:50:19 [ INFO] com.iflytek.msp.cpdb.lfasr.worker.UploadWorker.upload(UploadWorker.java:91) - prepare ok
2017-06-14 15:50:19 [ INFO] com.iflytek.msp.cpdb.lfasr.worker.UploadWorker.upload(UploadWorker.java:95) - get task_id:2ca3431d99e44834b910892a71053728
2017-06-14 15:50:19 [ INFO] com.iflytek.msp.cpdb.lfasr.worker.UploadWorker.metaPersistency(UploadWorker.java:141) - write meta info success, store file:E:\/2ca3431d99e44834b910892a71053728.dat
2017-06-14 15:50:23 [ INFO] com.iflytek.msp.cpdb.lfasr.worker.UploadThread.run(UploadThread.java:43) - upload file send success, file:E:\20170511 Voice Samples\resources\ceshi.wav, task_id:2ca3431d99e44834b910892a71053728
2017-06-14 15:50:24 [ INFO] com.iflytek.msp.cpdb.lfasr.event.EventHandler$ProcessorThread.run(EventHandler.java:131) - task_id:2ca3431d99e44834b910892a71053728 send meger success, 
2017-06-14 15:54:09 [ INFO] com.iflytek.msp.cpdb.lfasr.worker.UploadWorker.upload(UploadWorker.java:91) - prepare ok
2017-06-14 15:54:09 [ INFO] com.iflytek.msp.cpdb.lfasr.worker.UploadWorker.upload(UploadWorker.java:95) - get task_id:067f84798cd54e4abd3c0d3471d3af4d
2017-06-14 15:54:09 [ INFO] com.iflytek.msp.cpdb.lfasr.worker.UploadWorker.metaPersistency(UploadWorker.java:141) - write meta info success, store file:E:\/067f84798cd54e4abd3c0d3471d3af4d.dat
2017-06-14 15:54:16 [ INFO] com.iflytek.msp.cpdb.lfasr.worker.UploadThread.run(UploadThread.java:43) - upload file send success, file:E:\20170511 Voice Samples\resources\ceshi.wav, task_id:067f84798cd54e4abd3c0d3471d3af4d
2017-06-14 15:54:18 [ INFO] com.iflytek.msp.cpdb.lfasr.event.EventHandler$ProcessorThread.run(EventHandler.java:131) - task_id:067f84798cd54e4abd3c0d3471d3af4d send meger success, 
2017-06-14 15:55:30 [ INFO] com.iflytek.msp.cpdb.lfasr.worker.UploadWorker.upload(UploadWorker.java:91) - prepare ok
2017-06-14 15:55:30 [ INFO] com.iflytek.msp.cpdb.lfasr.worker.UploadWorker.upload(UploadWorker.java:95) - get task_id:cefc5b6663fb419ca9ae1e90c3abe68c
2017-06-14 15:55:31 [ INFO] com.iflytek.msp.cpdb.lfasr.worker.UploadWorker.metaPersistency(UploadWorker.java:141) - write meta info success, store file:E:\/cefc5b6663fb419ca9ae1e90c3abe68c.dat
2017-06-14 15:55:34 [ INFO] com.iflytek.msp.cpdb.lfasr.worker.UploadThread.run(UploadThread.java:43) - upload file send success, file:E:\20170511 Voice Samples\resources\ceshi.wav, task_id:cefc5b6663fb419ca9ae1e90c3abe68c
2017-06-14 15:55:35 [ INFO] com.iflytek.msp.cpdb.lfasr.event.EventHandler$ProcessorThread.run(EventHandler.java:131) - task_id:cefc5b6663fb419ca9ae1e90c3abe68c send meger success, 
2018-09-19 16:03:29 [ERROR] com.iflytek.msp.cpdb.lfasr.client.LfasrClientImp.<init>(LfasrClientImp.java:108) - [COMPENT]-CLIENT [PROCESS]-LfasrClientImp [ID]- [STATUS]- [MEASURE]-(-1) ms [DEF]-{"ok":"-1", "err_no":"26105", "failed":"转写配置文件store_path错误，或目录不可读写!", "data":""}
2018-09-19 16:04:45 [ERROR] com.iflytek.msp.cpdb.lfasr.client.LfasrClientImp.<init>(LfasrClientImp.java:108) - [COMPENT]-CLIENT [PROCESS]-LfasrClientImp [ID]- [STATUS]- [MEASURE]-(-1) ms [DEF]-{"ok":"-1", "err_no":"26105", "failed":"转写配置文件store_path错误，或目录不可读写!", "data":""}
2018-09-19 16:05:15 [ERROR] com.iflytek.msp.cpdb.lfasr.client.LfasrClientImp.lfasrUpload(LfasrClientImp.java:157) - [COMPENT]-CLIENT [PROCESS]-LfasrClientImp [ID]- [STATUS]- [MEASURE]-(-1) ms [DEF]-{"ok":"-1", "err_no":"26201", "failed":"转写参数上传文件不能为空或文件不存在!", "data":""}
2018-09-19 16:06:00 [ERROR] com.iflytek.msp.cpdb.lfasr.client.LfasrClientImp.lfasrUpload(LfasrClientImp.java:157) - [COMPENT]-CLIENT [PROCESS]-LfasrClientImp [ID]- [STATUS]- [MEASURE]-(-1) ms [DEF]-{"ok":"-1", "err_no":"26201", "failed":"转写参数上传文件不能为空或文件不存在!", "data":""}
2018-09-19 16:06:30 [ERROR] com.iflytek.msp.cpdb.lfasr.client.LfasrClientImp.lfasrUpload(LfasrClientImp.java:157) - [COMPENT]-CLIENT [PROCESS]-LfasrClientImp [ID]- [STATUS]- [MEASURE]-(-1) ms [DEF]-{"ok":"-1", "err_no":"26201", "failed":"转写参数上传文件不能为空或文件不存在!", "data":""}
2018-09-19 16:06:43 [ERROR] com.iflytek.msp.cpdb.lfasr.client.LfasrClientImp.lfasrUpload(LfasrClientImp.java:157) - [COMPENT]-CLIENT [PROCESS]-LfasrClientImp [ID]- [STATUS]- [MEASURE]-(-1) ms [DEF]-{"ok":"-1", "err_no":"26201", "failed":"转写参数上传文件不能为空或文件不存在!", "data":""}
2018-09-19 16:10:46 [ERROR] com.iflytek.msp.cpdb.lfasr.client.LfasrClientImp.<init>(LfasrClientImp.java:108) - [COMPENT]-CLIENT [PROCESS]-LfasrClientImp [ID]- [STATUS]- [MEASURE]-(-1) ms [DEF]-{"ok":"-1", "err_no":"26100", "failed":"转写配置文件错误!", "data":""}
2018-09-19 16:11:01 [ERROR] com.iflytek.msp.cpdb.lfasr.client.LfasrClientImp.<init>(LfasrClientImp.java:108) - [COMPENT]-CLIENT [PROCESS]-LfasrClientImp [ID]- [STATUS]- [MEASURE]-(-1) ms [DEF]-{"ok":"-1", "err_no":"26100", "failed":"转写配置文件错误!", "data":""}
2018-09-19 16:11:08 [ERROR] com.iflytek.msp.cpdb.lfasr.worker.UploadWorker.upload(UploadWorker.java:93) - [COMPENT]-CLIENT [PROCESS]-UploadWorker [ID]-null [STATUS]- [MEASURE]-(-1) ms [DEF]-prepare error:预处理服务时长不足。您剩余的可用服务时长不足，请移步产品页http://www.xfyun.cn/services/lfasr 进行购买或者免费领取（注：标准版和电话专用版需分开进行购买或者领取）
2018-09-19 16:15:06 [ INFO] com.iflytek.msp.cpdb.lfasr.worker.UploadWorker.upload(UploadWorker.java:100) - [COMPENT]-CLIENT [PROCESS]-UploadWorker [ID]-null [STATUS]- [MEASURE]-(-1) ms [DEF]-prepare ok
2018-09-19 16:15:06 [ INFO] com.iflytek.msp.cpdb.lfasr.worker.UploadWorker.upload(UploadWorker.java:104) - [COMPENT]-CLIENT [PROCESS]-UploadWorker [ID]-65c7531c11bc47718dfa7b5c83f5ab6e [STATUS]- [MEASURE]-(-1) ms [DEF]-get task_id:%s65c7531c11bc47718dfa7b5c83f5ab6e
2018-09-19 16:15:06 [ INFO] com.iflytek.msp.cpdb.lfasr.worker.UploadWorker.metaPersistency(UploadWorker.java:152) - [COMPENT]-CLIENT [PROCESS]-UploadWorker [ID]-65c7531c11bc47718dfa7b5c83f5ab6e [STATUS]- [MEASURE]-(-1) ms [DEF]-write meta info success, store file:D:/temp/desktop/yuyin//65c7531c11bc47718dfa7b5c83f5ab6e.dat
2018-09-19 16:15:06 [ INFO] com.iflytek.msp.cpdb.lfasr.event.EventHandler.isSendAll(EventHandler.java:183) - [COMPENT]-CLIENT [PROCESS]-EventHandler [ID]- [STATUS]- [MEASURE]-(-1) ms [DEF]-upload file 0/104
2018-09-19 16:15:06 [ INFO] com.iflytek.msp.cpdb.lfasr.event.EventHandler.isSendAll(EventHandler.java:183) - [COMPENT]-CLIENT [PROCESS]-EventHandler [ID]- [STATUS]- [MEASURE]-(-1) ms [DEF]-upload file 0/104
2018-09-19 16:15:07 [ INFO] com.iflytek.msp.cpdb.lfasr.event.EventHandler.isSendAll(EventHandler.java:183) - [COMPENT]-CLIENT [PROCESS]-EventHandler [ID]- [STATUS]- [MEASURE]-(-1) ms [DEF]-upload file 0/104
2018-09-19 16:15:07 [ INFO] com.iflytek.msp.cpdb.lfasr.event.EventHandler.isSendAll(EventHandler.java:183) - [COMPENT]-CLIENT [PROCESS]-EventHandler [ID]- [STATUS]- [MEASURE]-(-1) ms [DEF]-upload file 2/104
2018-09-19 16:15:08 [ INFO] com.iflytek.msp.cpdb.lfasr.event.EventHandler.isSendAll(EventHandler.java:183) - [COMPENT]-CLIENT [PROCESS]-EventHandler [ID]- [STATUS]- [MEASURE]-(-1) ms [DEF]-upload file 7/104
2018-09-19 16:15:08 [ INFO] com.iflytek.msp.cpdb.lfasr.event.EventHandler.isSendAll(EventHandler.java:183) - [COMPENT]-CLIENT [PROCESS]-EventHandler [ID]- [STATUS]- [MEASURE]-(-1) ms [DEF]-upload file 8/104
2018-09-19 16:15:09 [ INFO] com.iflytek.msp.cpdb.lfasr.event.EventHandler.isSendAll(EventHandler.java:183) - [COMPENT]-CLIENT [PROCESS]-EventHandler [ID]- [STATUS]- [MEASURE]-(-1) ms [DEF]-upload file 9/104
2018-09-19 16:15:09 [ INFO] com.iflytek.msp.cpdb.lfasr.event.EventHandler.isSendAll(EventHandler.java:183) - [COMPENT]-CLIENT [PROCESS]-EventHandler [ID]- [STATUS]- [MEASURE]-(-1) ms [DEF]-upload file 11/104
2018-09-19 16:15:10 [ INFO] com.iflytek.msp.cpdb.lfasr.event.EventHandler.isSendAll(EventHandler.java:183) - [COMPENT]-CLIENT [PROCESS]-EventHandler [ID]- [STATUS]- [MEASURE]-(-1) ms [DEF]-upload file 12/104
2018-09-19 16:15:10 [ INFO] com.iflytek.msp.cpdb.lfasr.event.EventHandler.isSendAll(EventHandler.java:183) - [COMPENT]-CLIENT [PROCESS]-EventHandler [ID]- [STATUS]- [MEASURE]-(-1) ms [DEF]-upload file 13/104
2018-09-19 16:15:11 [ INFO] com.iflytek.msp.cpdb.lfasr.event.EventHandler.isSendAll(EventHandler.java:183) - [COMPENT]-CLIENT [PROCESS]-EventHandler [ID]- [STATUS]- [MEASURE]-(-1) ms [DEF]-upload file 20/104
2018-09-19 16:15:11 [ INFO] com.iflytek.msp.cpdb.lfasr.event.EventHandler.isSendAll(EventHandler.java:183) - [COMPENT]-CLIENT [PROCESS]-EventHandler [ID]- [STATUS]- [MEASURE]-(-1) ms [DEF]-upload file 21/104
2018-09-19 16:15:12 [ INFO] com.iflytek.msp.cpdb.lfasr.event.EventHandler.isSendAll(EventHandler.java:183) - [COMPENT]-CLIENT [PROCESS]-EventHandler [ID]- [STATUS]- [MEASURE]-(-1) ms [DEF]-upload file 25/104
2018-09-19 16:15:12 [ INFO] com.iflytek.msp.cpdb.lfasr.event.EventHandler.isSendAll(EventHandler.java:183) - [COMPENT]-CLIENT [PROCESS]-EventHandler [ID]- [STATUS]- [MEASURE]-(-1) ms [DEF]-upload file 28/104
2018-09-19 16:15:13 [ INFO] com.iflytek.msp.cpdb.lfasr.event.EventHandler.isSendAll(EventHandler.java:183) - [COMPENT]-CLIENT [PROCESS]-EventHandler [ID]- [STATUS]- [MEASURE]-(-1) ms [DEF]-upload file 30/104
2018-09-19 16:15:13 [ INFO] com.iflytek.msp.cpdb.lfasr.event.EventHandler.isSendAll(EventHandler.java:183) - [COMPENT]-CLIENT [PROCESS]-EventHandler [ID]- [STATUS]- [MEASURE]-(-1) ms [DEF]-upload file 31/104
2018-09-19 16:15:14 [ INFO] com.iflytek.msp.cpdb.lfasr.event.EventHandler.isSendAll(EventHandler.java:183) - [COMPENT]-CLIENT [PROCESS]-EventHandler [ID]- [STATUS]- [MEASURE]-(-1) ms [DEF]-upload file 34/104
2018-09-19 16:15:14 [ INFO] com.iflytek.msp.cpdb.lfasr.event.EventHandler.isSendAll(EventHandler.java:183) - [COMPENT]-CLIENT [PROCESS]-EventHandler [ID]- [STATUS]- [MEASURE]-(-1) ms [DEF]-upload file 34/104
2018-09-19 16:15:15 [ INFO] com.iflytek.msp.cpdb.lfasr.event.EventHandler.isSendAll(EventHandler.java:183) - [COMPENT]-CLIENT [PROCESS]-EventHandler [ID]- [STATUS]- [MEASURE]-(-1) ms [DEF]-upload file 38/104
2018-09-19 16:15:15 [ INFO] com.iflytek.msp.cpdb.lfasr.event.EventHandler.isSendAll(EventHandler.java:183) - [COMPENT]-CLIENT [PROCESS]-EventHandler [ID]- [STATUS]- [MEASURE]-(-1) ms [DEF]-upload file 39/104
2018-09-19 16:15:16 [ INFO] com.iflytek.msp.cpdb.lfasr.event.EventHandler.isSendAll(EventHandler.java:183) - [COMPENT]-CLIENT [PROCESS]-EventHandler [ID]- [STATUS]- [MEASURE]-(-1) ms [DEF]-upload file 41/104
2018-09-19 16:15:16 [ INFO] com.iflytek.msp.cpdb.lfasr.event.EventHandler.isSendAll(EventHandler.java:183) - [COMPENT]-CLIENT [PROCESS]-EventHandler [ID]- [STATUS]- [MEASURE]-(-1) ms [DEF]-upload file 46/104
2018-09-19 16:15:17 [ INFO] com.iflytek.msp.cpdb.lfasr.event.EventHandler.isSendAll(EventHandler.java:183) - [COMPENT]-CLIENT [PROCESS]-EventHandler [ID]- [STATUS]- [MEASURE]-(-1) ms [DEF]-upload file 46/104
2018-09-19 16:15:17 [ INFO] com.iflytek.msp.cpdb.lfasr.event.EventHandler.isSendAll(EventHandler.java:183) - [COMPENT]-CLIENT [PROCESS]-EventHandler [ID]- [STATUS]- [MEASURE]-(-1) ms [DEF]-upload file 49/104
2018-09-19 16:15:18 [ INFO] com.iflytek.msp.cpdb.lfasr.event.EventHandler.isSendAll(EventHandler.java:183) - [COMPENT]-CLIENT [PROCESS]-EventHandler [ID]- [STATUS]- [MEASURE]-(-1) ms [DEF]-upload file 52/104
2018-09-19 16:15:18 [ INFO] com.iflytek.msp.cpdb.lfasr.event.EventHandler.isSendAll(EventHandler.java:183) - [COMPENT]-CLIENT [PROCESS]-EventHandler [ID]- [STATUS]- [MEASURE]-(-1) ms [DEF]-upload file 53/104
2018-09-19 16:15:19 [ INFO] com.iflytek.msp.cpdb.lfasr.event.EventHandler.isSendAll(EventHandler.java:183) - [COMPENT]-CLIENT [PROCESS]-EventHandler [ID]- [STATUS]- [MEASURE]-(-1) ms [DEF]-upload file 58/104
2018-09-19 16:15:19 [ INFO] com.iflytek.msp.cpdb.lfasr.event.EventHandler.isSendAll(EventHandler.java:183) - [COMPENT]-CLIENT [PROCESS]-EventHandler [ID]- [STATUS]- [MEASURE]-(-1) ms [DEF]-upload file 58/104
2018-09-19 16:15:20 [ INFO] com.iflytek.msp.cpdb.lfasr.event.EventHandler.isSendAll(EventHandler.java:183) - [COMPENT]-CLIENT [PROCESS]-EventHandler [ID]- [STATUS]- [MEASURE]-(-1) ms [DEF]-upload file 59/104
2018-09-19 16:15:20 [ INFO] com.iflytek.msp.cpdb.lfasr.event.EventHandler.isSendAll(EventHandler.java:183) - [COMPENT]-CLIENT [PROCESS]-EventHandler [ID]- [STATUS]- [MEASURE]-(-1) ms [DEF]-upload file 64/104
2018-09-19 16:15:21 [ INFO] com.iflytek.msp.cpdb.lfasr.event.EventHandler.isSendAll(EventHandler.java:183) - [COMPENT]-CLIENT [PROCESS]-EventHandler [ID]- [STATUS]- [MEASURE]-(-1) ms [DEF]-upload file 64/104
2018-09-19 16:15:21 [ INFO] com.iflytek.msp.cpdb.lfasr.event.EventHandler.isSendAll(EventHandler.java:183) - [COMPENT]-CLIENT [PROCESS]-EventHandler [ID]- [STATUS]- [MEASURE]-(-1) ms [DEF]-upload file 67/104
2018-09-19 16:15:22 [ INFO] com.iflytek.msp.cpdb.lfasr.event.EventHandler.isSendAll(EventHandler.java:183) - [COMPENT]-CLIENT [PROCESS]-EventHandler [ID]- [STATUS]- [MEASURE]-(-1) ms [DEF]-upload file 69/104
2018-09-19 16:15:22 [ INFO] com.iflytek.msp.cpdb.lfasr.event.EventHandler.isSendAll(EventHandler.java:183) - [COMPENT]-CLIENT [PROCESS]-EventHandler [ID]- [STATUS]- [MEASURE]-(-1) ms [DEF]-upload file 69/104
2018-09-19 16:15:23 [ INFO] com.iflytek.msp.cpdb.lfasr.event.EventHandler.isSendAll(EventHandler.java:183) - [COMPENT]-CLIENT [PROCESS]-EventHandler [ID]- [STATUS]- [MEASURE]-(-1) ms [DEF]-upload file 74/104
2018-09-19 16:15:23 [ INFO] com.iflytek.msp.cpdb.lfasr.event.EventHandler.isSendAll(EventHandler.java:183) - [COMPENT]-CLIENT [PROCESS]-EventHandler [ID]- [STATUS]- [MEASURE]-(-1) ms [DEF]-upload file 76/104
2018-09-19 16:15:24 [ INFO] com.iflytek.msp.cpdb.lfasr.event.EventHandler.isSendAll(EventHandler.java:183) - [COMPENT]-CLIENT [PROCESS]-EventHandler [ID]- [STATUS]- [MEASURE]-(-1) ms [DEF]-upload file 79/104
2018-09-19 16:15:24 [ INFO] com.iflytek.msp.cpdb.lfasr.event.EventHandler.isSendAll(EventHandler.java:183) - [COMPENT]-CLIENT [PROCESS]-EventHandler [ID]- [STATUS]- [MEASURE]-(-1) ms [DEF]-upload file 80/104
2018-09-19 16:15:25 [ INFO] com.iflytek.msp.cpdb.lfasr.event.EventHandler.isSendAll(EventHandler.java:183) - [COMPENT]-CLIENT [PROCESS]-EventHandler [ID]- [STATUS]- [MEASURE]-(-1) ms [DEF]-upload file 81/104
2018-09-19 16:15:25 [ INFO] com.iflytek.msp.cpdb.lfasr.event.EventHandler.isSendAll(EventHandler.java:183) - [COMPENT]-CLIENT [PROCESS]-EventHandler [ID]- [STATUS]- [MEASURE]-(-1) ms [DEF]-upload file 86/104
2018-09-19 16:15:26 [ INFO] com.iflytek.msp.cpdb.lfasr.event.EventHandler.isSendAll(EventHandler.java:183) - [COMPENT]-CLIENT [PROCESS]-EventHandler [ID]- [STATUS]- [MEASURE]-(-1) ms [DEF]-upload file 86/104
2018-09-19 16:15:26 [ INFO] com.iflytek.msp.cpdb.lfasr.event.EventHandler.isSendAll(EventHandler.java:183) - [COMPENT]-CLIENT [PROCESS]-EventHandler [ID]- [STATUS]- [MEASURE]-(-1) ms [DEF]-upload file 90/104
2018-09-19 16:15:27 [ INFO] com.iflytek.msp.cpdb.lfasr.event.EventHandler.isSendAll(EventHandler.java:183) - [COMPENT]-CLIENT [PROCESS]-EventHandler [ID]- [STATUS]- [MEASURE]-(-1) ms [DEF]-upload file 93/104
2018-09-19 16:15:27 [ INFO] com.iflytek.msp.cpdb.lfasr.event.EventHandler.isSendAll(EventHandler.java:183) - [COMPENT]-CLIENT [PROCESS]-EventHandler [ID]- [STATUS]- [MEASURE]-(-1) ms [DEF]-upload file 96/104
2018-09-19 16:15:28 [ INFO] com.iflytek.msp.cpdb.lfasr.event.EventHandler.isSendAll(EventHandler.java:183) - [COMPENT]-CLIENT [PROCESS]-EventHandler [ID]- [STATUS]- [MEASURE]-(-1) ms [DEF]-upload file 99/104
2018-09-19 16:15:28 [ INFO] com.iflytek.msp.cpdb.lfasr.event.EventHandler.isSendAll(EventHandler.java:183) - [COMPENT]-CLIENT [PROCESS]-EventHandler [ID]- [STATUS]- [MEASURE]-(-1) ms [DEF]-upload file 101/104
2018-09-19 16:15:29 [ INFO] com.iflytek.msp.cpdb.lfasr.event.EventHandler.isSendAll(EventHandler.java:183) - [COMPENT]-CLIENT [PROCESS]-EventHandler [ID]- [STATUS]- [MEASURE]-(-1) ms [DEF]-upload file 104/104
2018-09-19 16:15:29 [ INFO] com.iflytek.msp.cpdb.lfasr.worker.UploadThread.run(UploadThread.java:43) - [COMPENT]-CLIENT [PROCESS]-UploadThread [ID]-65c7531c11bc47718dfa7b5c83f5ab6e [STATUS]- [MEASURE]-(-1) ms [DEF]-upload file send success, file:D:\temp\desktop\yuyin\天津工厂.mp3, task_id:65c7531c11bc47718dfa7b5c83f5ab6e
2018-09-19 16:15:30 [ INFO] com.iflytek.msp.cpdb.lfasr.event.EventHandler$ProcessorThread.run(EventHandler.java:137) - [COMPENT]-CLIENT [PROCESS]-EventHandler [ID]-65c7531c11bc47718dfa7b5c83f5ab6e [STATUS]- [MEASURE]-(-1) ms [DEF]-send meger success
2018-09-19 16:28:50 [ERROR] com.iflytek.msp.cpdb.lfasr.client.LfasrClientImp.<init>(LfasrClientImp.java:108) - [COMPENT]-CLIENT [PROCESS]-LfasrClientImp [ID]- [STATUS]- [MEASURE]-(-1) ms [DEF]-{"ok":"-1", "err_no":"26100", "failed":"转写配置文件错误!", "data":""}
2018-09-19 16:29:07 [ERROR] com.iflytek.msp.cpdb.lfasr.client.LfasrClientImp.<init>(LfasrClientImp.java:108) - [COMPENT]-CLIENT [PROCESS]-LfasrClientImp [ID]- [STATUS]- [MEASURE]-(-1) ms [DEF]-{"ok":"-1", "err_no":"26100", "failed":"转写配置文件错误!", "data":""}
2018-09-19 16:29:19 [ INFO] com.iflytek.msp.cpdb.lfasr.worker.UploadWorker.upload(UploadWorker.java:100) - [COMPENT]-CLIENT [PROCESS]-UploadWorker [ID]-null [STATUS]- [MEASURE]-(-1) ms [DEF]-prepare ok
2018-09-19 16:29:19 [ INFO] com.iflytek.msp.cpdb.lfasr.worker.UploadWorker.upload(UploadWorker.java:104) - [COMPENT]-CLIENT [PROCESS]-UploadWorker [ID]-88992e04fe85465cbb84d28918f12afd [STATUS]- [MEASURE]-(-1) ms [DEF]-get task_id:%s88992e04fe85465cbb84d28918f12afd
2018-09-19 16:29:19 [ INFO] com.iflytek.msp.cpdb.lfasr.worker.UploadWorker.metaPersistency(UploadWorker.java:152) - [COMPENT]-CLIENT [PROCESS]-UploadWorker [ID]-88992e04fe85465cbb84d28918f12afd [STATUS]- [MEASURE]-(-1) ms [DEF]-write meta info success, store file:D:/temp/desktop/yuyin//88992e04fe85465cbb84d28918f12afd.dat
2018-09-19 16:29:19 [ INFO] com.iflytek.msp.cpdb.lfasr.event.EventHandler.isSendAll(EventHandler.java:183) - [COMPENT]-CLIENT [PROCESS]-EventHandler [ID]- [STATUS]- [MEASURE]-(-1) ms [DEF]-upload file 0/104
2018-09-19 16:29:20 [ INFO] com.iflytek.msp.cpdb.lfasr.event.EventHandler.isSendAll(EventHandler.java:183) - [COMPENT]-CLIENT [PROCESS]-EventHandler [ID]- [STATUS]- [MEASURE]-(-1) ms [DEF]-upload file 0/104
2018-09-19 16:29:20 [ INFO] com.iflytek.msp.cpdb.lfasr.event.EventHandler.isSendAll(EventHandler.java:183) - [COMPENT]-CLIENT [PROCESS]-EventHandler [ID]- [STATUS]- [MEASURE]-(-1) ms [DEF]-upload file 0/104
2018-09-19 16:29:30 [ INFO] com.iflytek.msp.cpdb.lfasr.worker.UploadWorker.upload(UploadWorker.java:100) - [COMPENT]-CLIENT [PROCESS]-UploadWorker [ID]-null [STATUS]- [MEASURE]-(-1) ms [DEF]-prepare ok
2018-09-19 16:29:30 [ INFO] com.iflytek.msp.cpdb.lfasr.worker.UploadWorker.upload(UploadWorker.java:104) - [COMPENT]-CLIENT [PROCESS]-UploadWorker [ID]-37230b3f80df497fa9653f0e1bc37897 [STATUS]- [MEASURE]-(-1) ms [DEF]-get task_id:%s37230b3f80df497fa9653f0e1bc37897
2018-09-19 16:29:30 [ INFO] com.iflytek.msp.cpdb.lfasr.worker.UploadWorker.metaPersistency(UploadWorker.java:152) - [COMPENT]-CLIENT [PROCESS]-UploadWorker [ID]-37230b3f80df497fa9653f0e1bc37897 [STATUS]- [MEASURE]-(-1) ms [DEF]-write meta info success, store file:D:/temp/desktop/yuyin//37230b3f80df497fa9653f0e1bc37897.dat
2018-09-19 16:29:30 [ INFO] com.iflytek.msp.cpdb.lfasr.event.EventHandler.isSendAll(EventHandler.java:183) - [COMPENT]-CLIENT [PROCESS]-EventHandler [ID]- [STATUS]- [MEASURE]-(-1) ms [DEF]-upload file 0/104
2018-09-19 16:29:30 [ INFO] com.iflytek.msp.cpdb.lfasr.event.EventHandler.isSendAll(EventHandler.java:183) - [COMPENT]-CLIENT [PROCESS]-EventHandler [ID]- [STATUS]- [MEASURE]-(-1) ms [DEF]-upload file 0/104
2018-09-19 16:29:37 [ INFO] com.iflytek.msp.cpdb.lfasr.worker.UploadWorker.upload(UploadWorker.java:100) - [COMPENT]-CLIENT [PROCESS]-UploadWorker [ID]-null [STATUS]- [MEASURE]-(-1) ms [DEF]-prepare ok
2018-09-19 16:29:37 [ INFO] com.iflytek.msp.cpdb.lfasr.worker.UploadWorker.upload(UploadWorker.java:104) - [COMPENT]-CLIENT [PROCESS]-UploadWorker [ID]-a1ed1e1e7d314ea592aa4012d654d90f [STATUS]- [MEASURE]-(-1) ms [DEF]-get task_id:%sa1ed1e1e7d314ea592aa4012d654d90f
2018-09-19 16:29:38 [ INFO] com.iflytek.msp.cpdb.lfasr.worker.UploadWorker.metaPersistency(UploadWorker.java:152) - [COMPENT]-CLIENT [PROCESS]-UploadWorker [ID]-a1ed1e1e7d314ea592aa4012d654d90f [STATUS]- [MEASURE]-(-1) ms [DEF]-write meta info success, store file:D:/temp/desktop/yuyin//a1ed1e1e7d314ea592aa4012d654d90f.dat
2018-09-19 16:29:38 [ INFO] com.iflytek.msp.cpdb.lfasr.event.EventHandler.isSendAll(EventHandler.java:183) - [COMPENT]-CLIENT [PROCESS]-EventHandler [ID]- [STATUS]- [MEASURE]-(-1) ms [DEF]-upload file 0/104
2018-09-19 16:29:38 [ INFO] com.iflytek.msp.cpdb.lfasr.event.EventHandler.isSendAll(EventHandler.java:183) - [COMPENT]-CLIENT [PROCESS]-EventHandler [ID]- [STATUS]- [MEASURE]-(-1) ms [DEF]-upload file 0/104
2018-09-19 16:43:04 [ INFO] com.iflytek.msp.cpdb.lfasr.worker.UploadWorker.upload(UploadWorker.java:100) - [COMPENT]-CLIENT [PROCESS]-UploadWorker [ID]-null [STATUS]- [MEASURE]-(-1) ms [DEF]-prepare ok
2018-09-19 16:43:04 [ INFO] com.iflytek.msp.cpdb.lfasr.worker.UploadWorker.upload(UploadWorker.java:104) - [COMPENT]-CLIENT [PROCESS]-UploadWorker [ID]-dc62a733f83a472f9fc09e000e91e1be [STATUS]- [MEASURE]-(-1) ms [DEF]-get task_id:%sdc62a733f83a472f9fc09e000e91e1be
2018-09-19 16:43:04 [ INFO] com.iflytek.msp.cpdb.lfasr.worker.UploadWorker.metaPersistency(UploadWorker.java:152) - [COMPENT]-CLIENT [PROCESS]-UploadWorker [ID]-dc62a733f83a472f9fc09e000e91e1be [STATUS]- [MEASURE]-(-1) ms [DEF]-write meta info success, store file:D:/temp/desktop/yuyin//dc62a733f83a472f9fc09e000e91e1be.dat
2018-09-19 16:43:04 [ INFO] com.iflytek.msp.cpdb.lfasr.event.EventHandler.isSendAll(EventHandler.java:183) - [COMPENT]-CLIENT [PROCESS]-EventHandler [ID]- [STATUS]- [MEASURE]-(-1) ms [DEF]-upload file 0/178
2018-09-19 16:43:05 [ INFO] com.iflytek.msp.cpdb.lfasr.event.EventHandler.isSendAll(EventHandler.java:183) - [COMPENT]-CLIENT [PROCESS]-EventHandler [ID]- [STATUS]- [MEASURE]-(-1) ms [DEF]-upload file 0/178
2018-09-19 16:43:05 [ INFO] com.iflytek.msp.cpdb.lfasr.event.EventHandler.isSendAll(EventHandler.java:183) - [COMPENT]-CLIENT [PROCESS]-EventHandler [ID]- [STATUS]- [MEASURE]-(-1) ms [DEF]-upload file 0/178
2018-09-19 16:43:06 [ INFO] com.iflytek.msp.cpdb.lfasr.event.EventHandler.isSendAll(EventHandler.java:183) - [COMPENT]-CLIENT [PROCESS]-EventHandler [ID]- [STATUS]- [MEASURE]-(-1) ms [DEF]-upload file 4/178
2018-09-19 16:43:06 [ INFO] com.iflytek.msp.cpdb.lfasr.event.EventHandler.isSendAll(EventHandler.java:183) - [COMPENT]-CLIENT [PROCESS]-EventHandler [ID]- [STATUS]- [MEASURE]-(-1) ms [DEF]-upload file 4/178
2018-09-19 16:43:07 [ INFO] com.iflytek.msp.cpdb.lfasr.event.EventHandler.isSendAll(EventHandler.java:183) - [COMPENT]-CLIENT [PROCESS]-EventHandler [ID]- [STATUS]- [MEASURE]-(-1) ms [DEF]-upload file 8/178
2018-09-19 16:43:07 [ INFO] com.iflytek.msp.cpdb.lfasr.event.EventHandler.isSendAll(EventHandler.java:183) - [COMPENT]-CLIENT [PROCESS]-EventHandler [ID]- [STATUS]- [MEASURE]-(-1) ms [DEF]-upload file 11/178
2018-09-19 16:43:08 [ INFO] com.iflytek.msp.cpdb.lfasr.event.EventHandler.isSendAll(EventHandler.java:183) - [COMPENT]-CLIENT [PROCESS]-EventHandler [ID]- [STATUS]- [MEASURE]-(-1) ms [DEF]-upload file 12/178
2018-09-19 16:43:08 [ INFO] com.iflytek.msp.cpdb.lfasr.event.EventHandler.isSendAll(EventHandler.java:183) - [COMPENT]-CLIENT [PROCESS]-EventHandler [ID]- [STATUS]- [MEASURE]-(-1) ms [DEF]-upload file 15/178
2018-09-19 16:43:09 [ INFO] com.iflytek.msp.cpdb.lfasr.event.EventHandler.isSendAll(EventHandler.java:183) - [COMPENT]-CLIENT [PROCESS]-EventHandler [ID]- [STATUS]- [MEASURE]-(-1) ms [DEF]-upload file 18/178
2018-09-19 16:43:09 [ INFO] com.iflytek.msp.cpdb.lfasr.event.EventHandler.isSendAll(EventHandler.java:183) - [COMPENT]-CLIENT [PROCESS]-EventHandler [ID]- [STATUS]- [MEASURE]-(-1) ms [DEF]-upload file 19/178
2018-09-19 16:43:10 [ INFO] com.iflytek.msp.cpdb.lfasr.event.EventHandler.isSendAll(EventHandler.java:183) - [COMPENT]-CLIENT [PROCESS]-EventHandler [ID]- [STATUS]- [MEASURE]-(-1) ms [DEF]-upload file 22/178
2018-09-19 16:43:10 [ INFO] com.iflytek.msp.cpdb.lfasr.event.EventHandler.isSendAll(EventHandler.java:183) - [COMPENT]-CLIENT [PROCESS]-EventHandler [ID]- [STATUS]- [MEASURE]-(-1) ms [DEF]-upload file 23/178
2018-09-19 16:43:11 [ INFO] com.iflytek.msp.cpdb.lfasr.event.EventHandler.isSendAll(EventHandler.java:183) - [COMPENT]-CLIENT [PROCESS]-EventHandler [ID]- [STATUS]- [MEASURE]-(-1) ms [DEF]-upload file 26/178
2018-09-19 16:43:11 [ INFO] com.iflytek.msp.cpdb.lfasr.event.EventHandler.isSendAll(EventHandler.java:183) - [COMPENT]-CLIENT [PROCESS]-EventHandler [ID]- [STATUS]- [MEASURE]-(-1) ms [DEF]-upload file 27/178
2018-09-19 16:43:12 [ INFO] com.iflytek.msp.cpdb.lfasr.event.EventHandler.isSendAll(EventHandler.java:183) - [COMPENT]-CLIENT [PROCESS]-EventHandler [ID]- [STATUS]- [MEASURE]-(-1) ms [DEF]-upload file 33/178
2018-09-19 16:43:12 [ INFO] com.iflytek.msp.cpdb.lfasr.event.EventHandler.isSendAll(EventHandler.java:183) - [COMPENT]-CLIENT [PROCESS]-EventHandler [ID]- [STATUS]- [MEASURE]-(-1) ms [DEF]-upload file 34/178
2018-09-19 16:43:13 [ INFO] com.iflytek.msp.cpdb.lfasr.event.EventHandler.isSendAll(EventHandler.java:183) - [COMPENT]-CLIENT [PROCESS]-EventHandler [ID]- [STATUS]- [MEASURE]-(-1) ms [DEF]-upload file 35/178
2018-09-19 16:43:13 [ INFO] com.iflytek.msp.cpdb.lfasr.event.EventHandler.isSendAll(EventHandler.java:183) - [COMPENT]-CLIENT [PROCESS]-EventHandler [ID]- [STATUS]- [MEASURE]-(-1) ms [DEF]-upload file 38/178
2018-09-19 16:43:14 [ INFO] com.iflytek.msp.cpdb.lfasr.event.EventHandler.isSendAll(EventHandler.java:183) - [COMPENT]-CLIENT [PROCESS]-EventHandler [ID]- [STATUS]- [MEASURE]-(-1) ms [DEF]-upload file 40/178
2018-09-19 16:43:14 [ INFO] com.iflytek.msp.cpdb.lfasr.event.EventHandler.isSendAll(EventHandler.java:183) - [COMPENT]-CLIENT [PROCESS]-EventHandler [ID]- [STATUS]- [MEASURE]-(-1) ms [DEF]-upload file 42/178
2018-09-19 16:43:15 [ INFO] com.iflytek.msp.cpdb.lfasr.event.EventHandler.isSendAll(EventHandler.java:183) - [COMPENT]-CLIENT [PROCESS]-EventHandler [ID]- [STATUS]- [MEASURE]-(-1) ms [DEF]-upload file 44/178
2018-09-19 16:43:15 [ INFO] com.iflytek.msp.cpdb.lfasr.event.EventHandler.isSendAll(EventHandler.java:183) - [COMPENT]-CLIENT [PROCESS]-EventHandler [ID]- [STATUS]- [MEASURE]-(-1) ms [DEF]-upload file 48/178
2018-09-19 16:43:16 [ INFO] com.iflytek.msp.cpdb.lfasr.event.EventHandler.isSendAll(EventHandler.java:183) - [COMPENT]-CLIENT [PROCESS]-EventHandler [ID]- [STATUS]- [MEASURE]-(-1) ms [DEF]-upload file 48/178
2018-09-19 16:43:16 [ INFO] com.iflytek.msp.cpdb.lfasr.event.EventHandler.isSendAll(EventHandler.java:183) - [COMPENT]-CLIENT [PROCESS]-EventHandler [ID]- [STATUS]- [MEASURE]-(-1) ms [DEF]-upload file 52/178
2018-09-19 16:43:17 [ INFO] com.iflytek.msp.cpdb.lfasr.event.EventHandler.isSendAll(EventHandler.java:183) - [COMPENT]-CLIENT [PROCESS]-EventHandler [ID]- [STATUS]- [MEASURE]-(-1) ms [DEF]-upload file 54/178
2018-09-19 16:43:17 [ INFO] com.iflytek.msp.cpdb.lfasr.event.EventHandler.isSendAll(EventHandler.java:183) - [COMPENT]-CLIENT [PROCESS]-EventHandler [ID]- [STATUS]- [MEASURE]-(-1) ms [DEF]-upload file 55/178
2018-09-19 16:43:18 [ INFO] com.iflytek.msp.cpdb.lfasr.event.EventHandler.isSendAll(EventHandler.java:183) - [COMPENT]-CLIENT [PROCESS]-EventHandler [ID]- [STATUS]- [MEASURE]-(-1) ms [DEF]-upload file 59/178
2018-09-19 16:43:18 [ INFO] com.iflytek.msp.cpdb.lfasr.event.EventHandler.isSendAll(EventHandler.java:183) - [COMPENT]-CLIENT [PROCESS]-EventHandler [ID]- [STATUS]- [MEASURE]-(-1) ms [DEF]-upload file 60/178
2018-09-19 16:43:19 [ INFO] com.iflytek.msp.cpdb.lfasr.event.EventHandler.isSendAll(EventHandler.java:183) - [COMPENT]-CLIENT [PROCESS]-EventHandler [ID]- [STATUS]- [MEASURE]-(-1) ms [DEF]-upload file 62/178
2018-09-19 16:43:19 [ INFO] com.iflytek.msp.cpdb.lfasr.event.EventHandler.isSendAll(EventHandler.java:183) - [COMPENT]-CLIENT [PROCESS]-EventHandler [ID]- [STATUS]- [MEASURE]-(-1) ms [DEF]-upload file 65/178
2018-09-19 16:43:20 [ INFO] com.iflytek.msp.cpdb.lfasr.event.EventHandler.isSendAll(EventHandler.java:183) - [COMPENT]-CLIENT [PROCESS]-EventHandler [ID]- [STATUS]- [MEASURE]-(-1) ms [DEF]-upload file 67/178
2018-09-19 16:43:20 [ INFO] com.iflytek.msp.cpdb.lfasr.event.EventHandler.isSendAll(EventHandler.java:183) - [COMPENT]-CLIENT [PROCESS]-EventHandler [ID]- [STATUS]- [MEASURE]-(-1) ms [DEF]-upload file 69/178
2018-09-19 16:43:21 [ INFO] com.iflytek.msp.cpdb.lfasr.event.EventHandler.isSendAll(EventHandler.java:183) - [COMPENT]-CLIENT [PROCESS]-EventHandler [ID]- [STATUS]- [MEASURE]-(-1) ms [DEF]-upload file 72/178
2018-09-19 16:43:21 [ INFO] com.iflytek.msp.cpdb.lfasr.event.EventHandler.isSendAll(EventHandler.java:183) - [COMPENT]-CLIENT [PROCESS]-EventHandler [ID]- [STATUS]- [MEASURE]-(-1) ms [DEF]-upload file 74/178
2018-09-19 16:43:22 [ INFO] com.iflytek.msp.cpdb.lfasr.event.EventHandler.isSendAll(EventHandler.java:183) - [COMPENT]-CLIENT [PROCESS]-EventHandler [ID]- [STATUS]- [MEASURE]-(-1) ms [DEF]-upload file 78/178
2018-09-19 16:43:22 [ INFO] com.iflytek.msp.cpdb.lfasr.event.EventHandler.isSendAll(EventHandler.java:183) - [COMPENT]-CLIENT [PROCESS]-EventHandler [ID]- [STATUS]- [MEASURE]-(-1) ms [DEF]-upload file 78/178
2018-09-19 16:43:23 [ INFO] com.iflytek.msp.cpdb.lfasr.event.EventHandler.isSendAll(EventHandler.java:183) - [COMPENT]-CLIENT [PROCESS]-EventHandler [ID]- [STATUS]- [MEASURE]-(-1) ms [DEF]-upload file 83/178
2018-09-19 16:43:23 [ INFO] com.iflytek.msp.cpdb.lfasr.event.EventHandler.isSendAll(EventHandler.java:183) - [COMPENT]-CLIENT [PROCESS]-EventHandler [ID]- [STATUS]- [MEASURE]-(-1) ms [DEF]-upload file 84/178
2018-09-19 16:43:24 [ INFO] com.iflytek.msp.cpdb.lfasr.event.EventHandler.isSendAll(EventHandler.java:183) - [COMPENT]-CLIENT [PROCESS]-EventHandler [ID]- [STATUS]- [MEASURE]-(-1) ms [DEF]-upload file 84/178
2018-09-19 16:43:24 [ INFO] com.iflytek.msp.cpdb.lfasr.event.EventHandler.isSendAll(EventHandler.java:183) - [COMPENT]-CLIENT [PROCESS]-EventHandler [ID]- [STATUS]- [MEASURE]-(-1) ms [DEF]-upload file 89/178
2018-09-19 16:43:25 [ INFO] com.iflytek.msp.cpdb.lfasr.event.EventHandler.isSendAll(EventHandler.java:183) - [COMPENT]-CLIENT [PROCESS]-EventHandler [ID]- [STATUS]- [MEASURE]-(-1) ms [DEF]-upload file 89/178
2018-09-19 16:43:25 [ INFO] com.iflytek.msp.cpdb.lfasr.event.EventHandler.isSendAll(EventHandler.java:183) - [COMPENT]-CLIENT [PROCESS]-EventHandler [ID]- [STATUS]- [MEASURE]-(-1) ms [DEF]-upload file 91/178
2018-09-19 16:43:26 [ INFO] com.iflytek.msp.cpdb.lfasr.event.EventHandler.isSendAll(EventHandler.java:183) - [COMPENT]-CLIENT [PROCESS]-EventHandler [ID]- [STATUS]- [MEASURE]-(-1) ms [DEF]-upload file 95/178
2018-09-19 16:43:26 [ INFO] com.iflytek.msp.cpdb.lfasr.event.EventHandler.isSendAll(EventHandler.java:183) - [COMPENT]-CLIENT [PROCESS]-EventHandler [ID]- [STATUS]- [MEASURE]-(-1) ms [DEF]-upload file 99/178
2018-09-19 16:43:27 [ INFO] com.iflytek.msp.cpdb.lfasr.event.EventHandler.isSendAll(EventHandler.java:183) - [COMPENT]-CLIENT [PROCESS]-EventHandler [ID]- [STATUS]- [MEASURE]-(-1) ms [DEF]-upload file 101/178
2018-09-19 16:43:27 [ INFO] com.iflytek.msp.cpdb.lfasr.event.EventHandler.isSendAll(EventHandler.java:183) - [COMPENT]-CLIENT [PROCESS]-EventHandler [ID]- [STATUS]- [MEASURE]-(-1) ms [DEF]-upload file 102/178
2018-09-19 16:43:28 [ INFO] com.iflytek.msp.cpdb.lfasr.event.EventHandler.isSendAll(EventHandler.java:183) - [COMPENT]-CLIENT [PROCESS]-EventHandler [ID]- [STATUS]- [MEASURE]-(-1) ms [DEF]-upload file 103/178
2018-09-19 16:43:28 [ INFO] com.iflytek.msp.cpdb.lfasr.event.EventHandler.isSendAll(EventHandler.java:183) - [COMPENT]-CLIENT [PROCESS]-EventHandler [ID]- [STATUS]- [MEASURE]-(-1) ms [DEF]-upload file 106/178
2018-09-19 16:43:29 [ INFO] com.iflytek.msp.cpdb.lfasr.event.EventHandler.isSendAll(EventHandler.java:183) - [COMPENT]-CLIENT [PROCESS]-EventHandler [ID]- [STATUS]- [MEASURE]-(-1) ms [DEF]-upload file 109/178
2018-09-19 16:43:29 [ INFO] com.iflytek.msp.cpdb.lfasr.event.EventHandler.isSendAll(EventHandler.java:183) - [COMPENT]-CLIENT [PROCESS]-EventHandler [ID]- [STATUS]- [MEASURE]-(-1) ms [DEF]-upload file 110/178
2018-09-19 16:43:30 [ INFO] com.iflytek.msp.cpdb.lfasr.event.EventHandler.isSendAll(EventHandler.java:183) - [COMPENT]-CLIENT [PROCESS]-EventHandler [ID]- [STATUS]- [MEASURE]-(-1) ms [DEF]-upload file 114/178
2018-09-19 16:43:30 [ INFO] com.iflytek.msp.cpdb.lfasr.event.EventHandler.isSendAll(EventHandler.java:183) - [COMPENT]-CLIENT [PROCESS]-EventHandler [ID]- [STATUS]- [MEASURE]-(-1) ms [DEF]-upload file 115/178
2018-09-19 16:43:31 [ INFO] com.iflytek.msp.cpdb.lfasr.event.EventHandler.isSendAll(EventHandler.java:183) - [COMPENT]-CLIENT [PROCESS]-EventHandler [ID]- [STATUS]- [MEASURE]-(-1) ms [DEF]-upload file 117/178
2018-09-19 16:43:31 [ INFO] com.iflytek.msp.cpdb.lfasr.event.EventHandler.isSendAll(EventHandler.java:183) - [COMPENT]-CLIENT [PROCESS]-EventHandler [ID]- [STATUS]- [MEASURE]-(-1) ms [DEF]-upload file 119/178
2018-09-19 16:43:32 [ INFO] com.iflytek.msp.cpdb.lfasr.event.EventHandler.isSendAll(EventHandler.java:183) - [COMPENT]-CLIENT [PROCESS]-EventHandler [ID]- [STATUS]- [MEASURE]-(-1) ms [DEF]-upload file 123/178
2018-09-19 16:43:32 [ INFO] com.iflytek.msp.cpdb.lfasr.event.EventHandler.isSendAll(EventHandler.java:183) - [COMPENT]-CLIENT [PROCESS]-EventHandler [ID]- [STATUS]- [MEASURE]-(-1) ms [DEF]-upload file 125/178
2018-09-19 16:43:33 [ INFO] com.iflytek.msp.cpdb.lfasr.event.EventHandler.isSendAll(EventHandler.java:183) - [COMPENT]-CLIENT [PROCESS]-EventHandler [ID]- [STATUS]- [MEASURE]-(-1) ms [DEF]-upload file 128/178
2018-09-19 16:43:33 [ INFO] com.iflytek.msp.cpdb.lfasr.event.EventHandler.isSendAll(EventHandler.java:183) - [COMPENT]-CLIENT [PROCESS]-EventHandler [ID]- [STATUS]- [MEASURE]-(-1) ms [DEF]-upload file 131/178
2018-09-19 16:43:34 [ INFO] com.iflytek.msp.cpdb.lfasr.event.EventHandler.isSendAll(EventHandler.java:183) - [COMPENT]-CLIENT [PROCESS]-EventHandler [ID]- [STATUS]- [MEASURE]-(-1) ms [DEF]-upload file 132/178
2018-09-19 16:43:34 [ INFO] com.iflytek.msp.cpdb.lfasr.event.EventHandler.isSendAll(EventHandler.java:183) - [COMPENT]-CLIENT [PROCESS]-EventHandler [ID]- [STATUS]- [MEASURE]-(-1) ms [DEF]-upload file 134/178
2018-09-19 16:43:35 [ INFO] com.iflytek.msp.cpdb.lfasr.event.EventHandler.isSendAll(EventHandler.java:183) - [COMPENT]-CLIENT [PROCESS]-EventHandler [ID]- [STATUS]- [MEASURE]-(-1) ms [DEF]-upload file 138/178
2018-09-19 16:43:35 [ INFO] com.iflytek.msp.cpdb.lfasr.event.EventHandler.isSendAll(EventHandler.java:183) - [COMPENT]-CLIENT [PROCESS]-EventHandler [ID]- [STATUS]- [MEASURE]-(-1) ms [DEF]-upload file 138/178
2018-09-19 16:43:36 [ INFO] com.iflytek.msp.cpdb.lfasr.event.EventHandler.isSendAll(EventHandler.java:183) - [COMPENT]-CLIENT [PROCESS]-EventHandler [ID]- [STATUS]- [MEASURE]-(-1) ms [DEF]-upload file 138/178
2018-09-19 16:43:36 [ INFO] com.iflytek.msp.cpdb.lfasr.event.EventHandler.isSendAll(EventHandler.java:183) - [COMPENT]-CLIENT [PROCESS]-EventHandler [ID]- [STATUS]- [MEASURE]-(-1) ms [DEF]-upload file 143/178
2018-09-19 16:43:37 [ INFO] com.iflytek.msp.cpdb.lfasr.event.EventHandler.isSendAll(EventHandler.java:183) - [COMPENT]-CLIENT [PROCESS]-EventHandler [ID]- [STATUS]- [MEASURE]-(-1) ms [DEF]-upload file 146/178
2018-09-19 16:43:37 [ INFO] com.iflytek.msp.cpdb.lfasr.event.EventHandler.isSendAll(EventHandler.java:183) - [COMPENT]-CLIENT [PROCESS]-EventHandler [ID]- [STATUS]- [MEASURE]-(-1) ms [DEF]-upload file 147/178
2018-09-19 16:43:38 [ INFO] com.iflytek.msp.cpdb.lfasr.event.EventHandler.isSendAll(EventHandler.java:183) - [COMPENT]-CLIENT [PROCESS]-EventHandler [ID]- [STATUS]- [MEASURE]-(-1) ms [DEF]-upload file 148/178
2018-09-19 16:43:38 [ INFO] com.iflytek.msp.cpdb.lfasr.event.EventHandler.isSendAll(EventHandler.java:183) - [COMPENT]-CLIENT [PROCESS]-EventHandler [ID]- [STATUS]- [MEASURE]-(-1) ms [DEF]-upload file 151/178
2018-09-19 16:43:39 [ INFO] com.iflytek.msp.cpdb.lfasr.event.EventHandler.isSendAll(EventHandler.java:183) - [COMPENT]-CLIENT [PROCESS]-EventHandler [ID]- [STATUS]- [MEASURE]-(-1) ms [DEF]-upload file 154/178
2018-09-19 16:43:39 [ INFO] com.iflytek.msp.cpdb.lfasr.event.EventHandler.isSendAll(EventHandler.java:183) - [COMPENT]-CLIENT [PROCESS]-EventHandler [ID]- [STATUS]- [MEASURE]-(-1) ms [DEF]-upload file 156/178
2018-09-19 16:43:40 [ INFO] com.iflytek.msp.cpdb.lfasr.event.EventHandler.isSendAll(EventHandler.java:183) - [COMPENT]-CLIENT [PROCESS]-EventHandler [ID]- [STATUS]- [MEASURE]-(-1) ms [DEF]-upload file 160/178
2018-09-19 16:43:40 [ INFO] com.iflytek.msp.cpdb.lfasr.event.EventHandler.isSendAll(EventHandler.java:183) - [COMPENT]-CLIENT [PROCESS]-EventHandler [ID]- [STATUS]- [MEASURE]-(-1) ms [DEF]-upload file 162/178
2018-09-19 16:43:41 [ INFO] com.iflytek.msp.cpdb.lfasr.event.EventHandler.isSendAll(EventHandler.java:183) - [COMPENT]-CLIENT [PROCESS]-EventHandler [ID]- [STATUS]- [MEASURE]-(-1) ms [DEF]-upload file 163/178
2018-09-19 16:43:41 [ INFO] com.iflytek.msp.cpdb.lfasr.event.EventHandler.isSendAll(EventHandler.java:183) - [COMPENT]-CLIENT [PROCESS]-EventHandler [ID]- [STATUS]- [MEASURE]-(-1) ms [DEF]-upload file 166/178
2018-09-19 16:43:42 [ INFO] com.iflytek.msp.cpdb.lfasr.event.EventHandler.isSendAll(EventHandler.java:183) - [COMPENT]-CLIENT [PROCESS]-EventHandler [ID]- [STATUS]- [MEASURE]-(-1) ms [DEF]-upload file 169/178
2018-09-19 16:43:42 [ INFO] com.iflytek.msp.cpdb.lfasr.event.EventHandler.isSendAll(EventHandler.java:183) - [COMPENT]-CLIENT [PROCESS]-EventHandler [ID]- [STATUS]- [MEASURE]-(-1) ms [DEF]-upload file 170/178
2018-09-19 16:43:43 [ INFO] com.iflytek.msp.cpdb.lfasr.event.EventHandler.isSendAll(EventHandler.java:183) - [COMPENT]-CLIENT [PROCESS]-EventHandler [ID]- [STATUS]- [MEASURE]-(-1) ms [DEF]-upload file 174/178
2018-09-19 16:43:43 [ INFO] com.iflytek.msp.cpdb.lfasr.event.EventHandler.isSendAll(EventHandler.java:183) - [COMPENT]-CLIENT [PROCESS]-EventHandler [ID]- [STATUS]- [MEASURE]-(-1) ms [DEF]-upload file 178/178
2018-09-19 16:43:43 [ INFO] com.iflytek.msp.cpdb.lfasr.worker.UploadThread.run(UploadThread.java:43) - [COMPENT]-CLIENT [PROCESS]-UploadThread [ID]-dc62a733f83a472f9fc09e000e91e1be [STATUS]- [MEASURE]-(-1) ms [DEF]-upload file send success, file:D:\temp\desktop\yuyin\徐州工厂.mp3, task_id:dc62a733f83a472f9fc09e000e91e1be
2018-09-19 16:43:45 [ INFO] com.iflytek.msp.cpdb.lfasr.event.EventHandler$ProcessorThread.run(EventHandler.java:137) - [COMPENT]-CLIENT [PROCESS]-EventHandler [ID]-dc62a733f83a472f9fc09e000e91e1be [STATUS]- [MEASURE]-(-1) ms [DEF]-send meger success
